<?xml version="1.0" encoding="UTF-8"?>
<testng-results ignored="0" total="2" passed="2" failed="0" skipped="0">
  <reporter-output>
  </reporter-output>
  <suite started-at="2024-07-16T17:16:07 IST" name="Suite" finished-at="2024-07-16T17:16:27 IST" duration-ms="20017">
    <groups>
    </groups>
    <test started-at="2024-07-16T17:16:07 IST" name="Test" finished-at="2024-07-16T17:16:27 IST" duration-ms="20017">
      <class name="Tests.TestCases">
        <test-method signature="Tc01()[pri:0, instance:Tests.TestCases@82de64a]" started-at="2024-07-16T17:16:07 IST" name="Tc01" finished-at="2024-07-16T17:16:17 IST" duration-ms="10148" status="PASS">
          <reporter-output>
          </reporter-output>
        </test-method> <!-- Tc01 -->
        <test-method signature="Tc02()[pri:0, instance:Tests.TestCases@82de64a]" started-at="2024-07-16T17:16:17 IST" name="Tc02" finished-at="2024-07-16T17:16:27 IST" duration-ms="9659" status="PASS">
          <reporter-output>
          </reporter-output>
        </test-method> <!-- Tc02 -->
      </class> <!-- Tests.TestCases -->
    </test> <!-- Test -->
  </suite> <!-- Suite -->
</testng-results>
