<?xml version="1.0" encoding="UTF-8"?>
<testng-results ignored="0" total="2" passed="2" failed="0" skipped="0">
  <reporter-output>
  </reporter-output>
  <suite started-at="2024-07-16T17:14:50 IST" name="Default suite" finished-at="2024-07-16T17:15:01 IST" duration-ms="11457">
    <groups>
    </groups>
    <test started-at="2024-07-16T17:14:50 IST" name="Default test" finished-at="2024-07-16T17:15:01 IST" duration-ms="11457">
      <class name="Tests.TestCases">
        <test-method signature="Tc01()[pri:0, instance:Tests.TestCases@47987356]" started-at="2024-07-16T17:14:50 IST" name="Tc01" finished-at="2024-07-16T17:14:56 IST" duration-ms="5832" status="PASS">
          <reporter-output>
          </reporter-output>
        </test-method> <!-- Tc01 -->
        <test-method signature="Tc02()[pri:0, instance:Tests.TestCases@47987356]" started-at="2024-07-16T17:14:56 IST" name="Tc02" finished-at="2024-07-16T17:15:01 IST" duration-ms="5551" status="PASS">
          <reporter-output>
          </reporter-output>
        </test-method> <!-- Tc02 -->
      </class> <!-- Tests.TestCases -->
    </test> <!-- Default test -->
  </suite> <!-- Default suite -->
</testng-results>
